2024-08-08 18:01:16,471:WARNING:
'cuml' is a soft dependency and not included in the pycaret installation. Please run: `pip install cuml` to install.
2024-08-08 18:01:16,471:WARNING:
'cuml' is a soft dependency and not included in the pycaret installation. Please run: `pip install cuml` to install.
2024-08-08 18:01:16,471:WARNING:
'cuml' is a soft dependency and not included in the pycaret installation. Please run: `pip install cuml` to install.
2024-08-08 18:01:16,471:WARNING:
'cuml' is a soft dependency and not included in the pycaret installation. Please run: `pip install cuml` to install.
2024-08-08 18:01:32,814:INFO:PyCaret RegressionExperiment
2024-08-08 18:01:32,814:INFO:Logging name: reg-default-name
2024-08-08 18:01:32,814:INFO:ML Usecase: MLUsecase.REGRESSION
2024-08-08 18:01:32,828:INFO:version 3.3.0
2024-08-08 18:01:32,828:INFO:Initializing setup()
2024-08-08 18:01:32,828:INFO:self.USI: 7b7c
2024-08-08 18:01:32,828:INFO:self._variable_keys: {'y_train', 'fold_groups_param', 'exp_name_log', 'X_test', 'fold_generator', 'gpu_n_jobs_param', 'logging_param', 'exp_id', 'USI', 'idx', 'n_jobs_param', 'target_param', 'pipeline', 'memory', 'y_test', '_available_plots', 'html_param', 'X_train', 'X', 'seed', 'data', '_ml_usecase', 'gpu_param', 'y', 'transform_target_param', 'log_plots_param', 'fold_shuffle_param'}
2024-08-08 18:01:32,828:INFO:Checking environment
2024-08-08 18:01:32,828:INFO:python_version: 3.10.13
2024-08-08 18:01:32,828:INFO:python_build: ('main', 'Sep 11 2023 13:24:38')
2024-08-08 18:01:32,828:INFO:machine: AMD64
2024-08-08 18:01:32,828:INFO:platform: Windows-10-10.0.19045-SP0
2024-08-08 18:01:32,828:INFO:Memory: svmem(total=68273922048, available=37298626560, percent=45.4, used=30975295488, free=37298626560)
2024-08-08 18:01:32,828:INFO:Physical Core: 14
2024-08-08 18:01:32,828:INFO:Logical Core: 20
2024-08-08 18:01:32,828:INFO:Checking libraries
2024-08-08 18:01:32,828:INFO:System:
2024-08-08 18:01:32,828:INFO:    python: 3.10.13 | packaged by Anaconda, Inc. | (main, Sep 11 2023, 13:24:38) [MSC v.1916 64 bit (AMD64)]
2024-08-08 18:01:32,828:INFO:executable: c:\Users\HQ198MU\AppData\Local\anaconda3\envs\assessment_repo\python.exe
2024-08-08 18:01:32,828:INFO:   machine: Windows-10-10.0.19045-SP0
2024-08-08 18:01:32,828:INFO:PyCaret required dependencies:
2024-08-08 18:01:37,904:INFO:                 pip: 23.3.1
2024-08-08 18:01:37,904:INFO:          setuptools: 68.2.2
2024-08-08 18:01:37,904:INFO:             pycaret: 3.3.0
2024-08-08 18:01:37,904:INFO:             IPython: 8.22.2
2024-08-08 18:01:37,904:INFO:          ipywidgets: 8.1.2
2024-08-08 18:01:37,904:INFO:                tqdm: 4.66.2
2024-08-08 18:01:37,904:INFO:               numpy: 1.26.4
2024-08-08 18:01:37,904:INFO:              pandas: 1.5.3
2024-08-08 18:01:37,904:INFO:              jinja2: 3.1.3
2024-08-08 18:01:37,904:INFO:               scipy: 1.11.4
2024-08-08 18:01:37,904:INFO:              joblib: 1.3.2
2024-08-08 18:01:37,904:INFO:             sklearn: 1.4.1.post1
2024-08-08 18:01:37,904:INFO:                pyod: 1.1.3
2024-08-08 18:01:37,904:INFO:            imblearn: 0.12.0
2024-08-08 18:01:37,904:INFO:   category_encoders: 2.6.3
2024-08-08 18:01:37,905:INFO:            lightgbm: 4.3.0
2024-08-08 18:01:37,905:INFO:               numba: 0.59.1
2024-08-08 18:01:37,905:INFO:            requests: 2.31.0
2024-08-08 18:01:37,905:INFO:          matplotlib: 3.7.5
2024-08-08 18:01:37,905:INFO:          scikitplot: 0.3.7
2024-08-08 18:01:37,905:INFO:         yellowbrick: 1.5
2024-08-08 18:01:37,905:INFO:              plotly: 5.20.0
2024-08-08 18:01:37,905:INFO:    plotly-resampler: Not installed
2024-08-08 18:01:37,905:INFO:             kaleido: 0.2.1
2024-08-08 18:01:37,905:INFO:           schemdraw: 0.15
2024-08-08 18:01:37,905:INFO:         statsmodels: 0.14.1
2024-08-08 18:01:37,905:INFO:              sktime: 0.27.0
2024-08-08 18:01:37,905:INFO:               tbats: 1.1.3
2024-08-08 18:01:37,905:INFO:            pmdarima: 2.0.4
2024-08-08 18:01:37,905:INFO:              psutil: 5.9.8
2024-08-08 18:01:37,905:INFO:          markupsafe: 2.1.5
2024-08-08 18:01:37,905:INFO:             pickle5: Not installed
2024-08-08 18:01:37,905:INFO:         cloudpickle: 3.0.0
2024-08-08 18:01:37,905:INFO:         deprecation: 2.1.0
2024-08-08 18:01:37,905:INFO:              xxhash: 3.4.1
2024-08-08 18:01:37,905:INFO:           wurlitzer: Not installed
2024-08-08 18:01:37,905:INFO:PyCaret optional dependencies:
2024-08-08 18:01:44,621:INFO:                shap: 0.44.0
2024-08-08 18:01:44,621:INFO:           interpret: 0.5.0
2024-08-08 18:01:44,621:INFO:                umap: 0.5.5
2024-08-08 18:01:44,621:INFO:     ydata_profiling: 4.7.0
2024-08-08 18:01:44,621:INFO:  explainerdashboard: 0.4.7
2024-08-08 18:01:44,621:INFO:             autoviz: Not installed
2024-08-08 18:01:44,621:INFO:           fairlearn: 0.7.0
2024-08-08 18:01:44,621:INFO:          deepchecks: Not installed
2024-08-08 18:01:44,621:INFO:             xgboost: 2.0.3
2024-08-08 18:01:44,621:INFO:            catboost: 1.2.3
2024-08-08 18:01:44,621:INFO:              kmodes: 0.12.2
2024-08-08 18:01:44,621:INFO:             mlxtend: 0.23.1
2024-08-08 18:01:44,621:INFO:       statsforecast: 1.5.0
2024-08-08 18:01:44,621:INFO:        tune_sklearn: 0.5.0
2024-08-08 18:01:44,621:INFO:                 ray: 2.9.3
2024-08-08 18:01:44,621:INFO:            hyperopt: 0.2.7
2024-08-08 18:01:44,621:INFO:              optuna: 3.6.0
2024-08-08 18:01:44,621:INFO:               skopt: 0.10.1
2024-08-08 18:01:44,621:INFO:              mlflow: 2.11.2
2024-08-08 18:01:44,621:INFO:              gradio: 4.22.0
2024-08-08 18:01:44,621:INFO:             fastapi: 0.110.0
2024-08-08 18:01:44,621:INFO:             uvicorn: 0.29.0
2024-08-08 18:01:44,621:INFO:              m2cgen: 0.10.0
2024-08-08 18:01:44,621:INFO:           evidently: 0.4.16
2024-08-08 18:01:44,621:INFO:               fugue: 0.8.6
2024-08-08 18:01:44,621:INFO:           streamlit: Not installed
2024-08-08 18:01:44,621:INFO:             prophet: Not installed
2024-08-08 18:01:44,621:INFO:None
2024-08-08 18:01:44,621:INFO:Set up data.
2024-08-08 18:01:44,637:INFO:Set up folding strategy.
2024-08-08 18:01:44,637:INFO:Set up train/test split.
2024-08-08 18:01:44,637:INFO:Set up index.
2024-08-08 18:01:44,637:INFO:Assigning column types.
2024-08-08 18:01:44,653:INFO:Engine successfully changes for model 'lr' to 'sklearn'.
2024-08-08 18:01:44,653:INFO:Engine for model 'lasso' has not been set explicitly, hence returning None.
2024-08-08 18:01:44,653:INFO:Engine for model 'ridge' has not been set explicitly, hence returning None.
2024-08-08 18:01:44,653:INFO:Engine for model 'en' has not been set explicitly, hence returning None.
2024-08-08 18:01:44,723:INFO:Engine for model 'svm' has not been set explicitly, hence returning None.
2024-08-08 18:01:44,763:INFO:Engine for model 'knn' has not been set explicitly, hence returning None.
2024-08-08 18:01:44,764:INFO:Soft dependency imported: xgboost: 2.0.3
2024-08-08 18:01:44,766:INFO:Soft dependency imported: catboost: 1.2.3
2024-08-08 18:01:46,581:INFO:Engine for model 'lasso' has not been set explicitly, hence returning None.
2024-08-08 18:01:46,598:INFO:Engine for model 'ridge' has not been set explicitly, hence returning None.
2024-08-08 18:01:46,598:INFO:Engine for model 'en' has not been set explicitly, hence returning None.
2024-08-08 18:01:46,670:INFO:Engine for model 'svm' has not been set explicitly, hence returning None.
2024-08-08 18:01:46,744:INFO:Engine for model 'knn' has not been set explicitly, hence returning None.
2024-08-08 18:01:46,744:INFO:Soft dependency imported: xgboost: 2.0.3
2024-08-08 18:01:46,744:INFO:Soft dependency imported: catboost: 1.2.3
2024-08-08 18:01:46,744:INFO:Engine successfully changes for model 'lasso' to 'sklearn'.
2024-08-08 18:01:46,753:INFO:Engine for model 'ridge' has not been set explicitly, hence returning None.
2024-08-08 18:01:46,755:INFO:Engine for model 'en' has not been set explicitly, hence returning None.
2024-08-08 18:01:46,818:INFO:Engine for model 'svm' has not been set explicitly, hence returning None.
2024-08-08 18:01:46,853:INFO:Engine for model 'knn' has not been set explicitly, hence returning None.
2024-08-08 18:01:46,853:INFO:Soft dependency imported: xgboost: 2.0.3
2024-08-08 18:01:46,853:INFO:Soft dependency imported: catboost: 1.2.3
2024-08-08 18:01:46,870:INFO:Engine for model 'ridge' has not been set explicitly, hence returning None.
2024-08-08 18:01:46,872:INFO:Engine for model 'en' has not been set explicitly, hence returning None.
2024-08-08 18:01:46,929:INFO:Engine for model 'svm' has not been set explicitly, hence returning None.
2024-08-08 18:01:46,972:INFO:Engine for model 'knn' has not been set explicitly, hence returning None.
2024-08-08 18:01:46,972:INFO:Soft dependency imported: xgboost: 2.0.3
2024-08-08 18:01:46,972:INFO:Soft dependency imported: catboost: 1.2.3
2024-08-08 18:01:46,972:INFO:Engine successfully changes for model 'ridge' to 'sklearn'.
2024-08-08 18:01:46,982:INFO:Engine for model 'en' has not been set explicitly, hence returning None.
2024-08-08 18:01:47,029:INFO:Engine for model 'svm' has not been set explicitly, hence returning None.
2024-08-08 18:01:47,081:INFO:Engine for model 'knn' has not been set explicitly, hence returning None.
2024-08-08 18:01:47,082:INFO:Soft dependency imported: xgboost: 2.0.3
2024-08-08 18:01:47,084:INFO:Soft dependency imported: catboost: 1.2.3
2024-08-08 18:01:47,095:INFO:Engine for model 'en' has not been set explicitly, hence returning None.
2024-08-08 18:01:47,150:INFO:Engine for model 'svm' has not been set explicitly, hence returning None.
2024-08-08 18:01:47,192:INFO:Engine for model 'knn' has not been set explicitly, hence returning None.
2024-08-08 18:01:47,192:INFO:Soft dependency imported: xgboost: 2.0.3
2024-08-08 18:01:47,195:INFO:Soft dependency imported: catboost: 1.2.3
2024-08-08 18:01:47,196:INFO:Engine successfully changes for model 'en' to 'sklearn'.
2024-08-08 18:01:47,244:INFO:Engine for model 'svm' has not been set explicitly, hence returning None.
2024-08-08 18:01:47,299:INFO:Engine for model 'knn' has not been set explicitly, hence returning None.
2024-08-08 18:01:47,299:INFO:Soft dependency imported: xgboost: 2.0.3
2024-08-08 18:01:47,299:INFO:Soft dependency imported: catboost: 1.2.3
2024-08-08 18:01:47,390:INFO:Engine for model 'svm' has not been set explicitly, hence returning None.
2024-08-08 18:01:47,453:INFO:Engine for model 'knn' has not been set explicitly, hence returning None.
2024-08-08 18:01:47,455:INFO:Soft dependency imported: xgboost: 2.0.3
2024-08-08 18:01:47,459:INFO:Soft dependency imported: catboost: 1.2.3
2024-08-08 18:01:47,459:INFO:Engine successfully changes for model 'knn' to 'sklearn'.
2024-08-08 18:01:47,559:INFO:Engine for model 'svm' has not been set explicitly, hence returning None.
2024-08-08 18:01:47,605:INFO:Soft dependency imported: xgboost: 2.0.3
2024-08-08 18:01:47,605:INFO:Soft dependency imported: catboost: 1.2.3
2024-08-08 18:01:47,671:INFO:Engine for model 'svm' has not been set explicitly, hence returning None.
2024-08-08 18:01:47,722:INFO:Soft dependency imported: xgboost: 2.0.3
2024-08-08 18:01:47,722:INFO:Soft dependency imported: catboost: 1.2.3
2024-08-08 18:01:47,722:INFO:Engine successfully changes for model 'svm' to 'sklearn'.
2024-08-08 18:01:47,833:INFO:Soft dependency imported: xgboost: 2.0.3
2024-08-08 18:01:47,833:INFO:Soft dependency imported: catboost: 1.2.3
2024-08-08 18:01:47,939:INFO:Soft dependency imported: xgboost: 2.0.3
2024-08-08 18:01:47,939:INFO:Soft dependency imported: catboost: 1.2.3
2024-08-08 18:01:47,971:INFO:Preparing preprocessing pipeline...
2024-08-08 18:01:47,971:INFO:Set up simple imputation.
2024-08-08 18:01:47,971:INFO:Set up encoding of categorical features.
2024-08-08 18:01:48,099:INFO:Finished creating preprocessing pipeline.
2024-08-08 18:01:48,138:INFO:Pipeline: Pipeline(memory=FastMemory(location=C:\Users\HQ198MU\AppData\Local\Temp\joblib),
         steps=[('numerical_imputer',
                 TransformerWrapper(include=['instant', 'season', 'yr', 'mnth',
                                             'hr', 'holiday', 'weekday',
                                             'workingday', 'weathersit', 'temp',
                                             'atemp', 'hum', 'windspeed'],
                                    transformer=SimpleImputer())),
                ('categorical_imputer',
                 TransformerWrapper(include=['dteday'],
                                    transformer=SimpleImputer(strategy='most_frequent'))),
                ('rest_encoding',
                 TransformerWrapper(include=['dteday'],
                                    transformer=TargetEncoder(cols=['dteday'],
                                                              handle_missing='return_nan')))])
2024-08-08 18:01:48,138:INFO:Creating final display dataframe.
2024-08-08 18:01:48,518:INFO:Setup _display_container:                     Description             Value
0                    Session id               123
1                        Target               cnt
2                   Target type        Regression
3           Original data shape       (17379, 15)
4        Transformed data shape       (17379, 15)
5   Transformed train set shape       (12165, 15)
6    Transformed test set shape        (5214, 15)
7              Numeric features                13
8          Categorical features                 1
9                    Preprocess              True
10              Imputation type            simple
11           Numeric imputation              mean
12       Categorical imputation              mode
13     Maximum one-hot encoding                25
14              Encoding method              None
15               Fold Generator             KFold
16                  Fold Number                10
17                     CPU Jobs                -1
18                      Use GPU             False
19               Log Experiment             False
20              Experiment Name  reg-default-name
21                          USI              7b7c
2024-08-08 18:01:48,635:INFO:Soft dependency imported: xgboost: 2.0.3
2024-08-08 18:01:48,638:INFO:Soft dependency imported: catboost: 1.2.3
2024-08-08 18:01:48,743:INFO:Soft dependency imported: xgboost: 2.0.3
2024-08-08 18:01:48,745:INFO:Soft dependency imported: catboost: 1.2.3
2024-08-08 18:01:48,757:WARNING:c:\Users\HQ198MU\AppData\Local\anaconda3\envs\assessment_repo\lib\site-packages\pycaret\internal\metrics.py:51: FutureWarning: The `needs_threshold` and `needs_proba` parameter are deprecated in version 1.4 and will be removed in 1.6. You can either let `response_method` be `None` or set it to `predict` to preserve the same behaviour.
  warnings.warn(

2024-08-08 18:01:48,757:INFO:setup() successfully completed in 31.63s...............
2024-08-08 18:05:03,513:INFO:PyCaret RegressionExperiment
2024-08-08 18:05:03,513:INFO:Logging name: reg-default-name
2024-08-08 18:05:03,513:INFO:ML Usecase: MLUsecase.REGRESSION
2024-08-08 18:05:03,513:INFO:version 3.3.0
2024-08-08 18:05:03,513:INFO:Initializing setup()
2024-08-08 18:05:03,513:INFO:self.USI: 6aea
2024-08-08 18:05:03,513:INFO:self._variable_keys: {'y_train', 'fold_groups_param', 'exp_name_log', 'X_test', 'fold_generator', 'gpu_n_jobs_param', 'logging_param', 'exp_id', 'USI', 'idx', 'n_jobs_param', 'target_param', 'pipeline', 'memory', 'y_test', '_available_plots', 'html_param', 'X_train', 'X', 'seed', 'data', '_ml_usecase', 'gpu_param', 'y', 'transform_target_param', 'log_plots_param', 'fold_shuffle_param'}
2024-08-08 18:05:03,513:INFO:Checking environment
2024-08-08 18:05:03,513:INFO:python_version: 3.10.13
2024-08-08 18:05:03,513:INFO:python_build: ('main', 'Sep 11 2023 13:24:38')
2024-08-08 18:05:03,513:INFO:machine: AMD64
2024-08-08 18:05:03,513:INFO:platform: Windows-10-10.0.19045-SP0
2024-08-08 18:05:03,529:INFO:Memory: svmem(total=68273922048, available=37571780608, percent=45.0, used=30702141440, free=37571780608)
2024-08-08 18:05:03,529:INFO:Physical Core: 14
2024-08-08 18:05:03,529:INFO:Logical Core: 20
2024-08-08 18:05:03,529:INFO:Checking libraries
2024-08-08 18:05:03,529:INFO:System:
2024-08-08 18:05:03,529:INFO:    python: 3.10.13 | packaged by Anaconda, Inc. | (main, Sep 11 2023, 13:24:38) [MSC v.1916 64 bit (AMD64)]
2024-08-08 18:05:03,529:INFO:executable: c:\Users\HQ198MU\AppData\Local\anaconda3\envs\assessment_repo\python.exe
2024-08-08 18:05:03,529:INFO:   machine: Windows-10-10.0.19045-SP0
2024-08-08 18:05:03,529:INFO:PyCaret required dependencies:
2024-08-08 18:05:03,529:INFO:                 pip: 23.3.1
2024-08-08 18:05:03,529:INFO:          setuptools: 68.2.2
2024-08-08 18:05:03,529:INFO:             pycaret: 3.3.0
2024-08-08 18:05:03,529:INFO:             IPython: 8.22.2
2024-08-08 18:05:03,529:INFO:          ipywidgets: 8.1.2
2024-08-08 18:05:03,529:INFO:                tqdm: 4.66.2
2024-08-08 18:05:03,529:INFO:               numpy: 1.26.4
2024-08-08 18:05:03,529:INFO:              pandas: 1.5.3
2024-08-08 18:05:03,529:INFO:              jinja2: 3.1.3
2024-08-08 18:05:03,529:INFO:               scipy: 1.11.4
2024-08-08 18:05:03,529:INFO:              joblib: 1.3.2
2024-08-08 18:05:03,529:INFO:             sklearn: 1.4.1.post1
2024-08-08 18:05:03,529:INFO:                pyod: 1.1.3
2024-08-08 18:05:03,529:INFO:            imblearn: 0.12.0
2024-08-08 18:05:03,529:INFO:   category_encoders: 2.6.3
2024-08-08 18:05:03,529:INFO:            lightgbm: 4.3.0
2024-08-08 18:05:03,529:INFO:               numba: 0.59.1
2024-08-08 18:05:03,529:INFO:            requests: 2.31.0
2024-08-08 18:05:03,529:INFO:          matplotlib: 3.7.5
2024-08-08 18:05:03,529:INFO:          scikitplot: 0.3.7
2024-08-08 18:05:03,529:INFO:         yellowbrick: 1.5
2024-08-08 18:05:03,529:INFO:              plotly: 5.20.0
2024-08-08 18:05:03,529:INFO:    plotly-resampler: Not installed
2024-08-08 18:05:03,529:INFO:             kaleido: 0.2.1
2024-08-08 18:05:03,529:INFO:           schemdraw: 0.15
2024-08-08 18:05:03,529:INFO:         statsmodels: 0.14.1
2024-08-08 18:05:03,529:INFO:              sktime: 0.27.0
2024-08-08 18:05:03,529:INFO:               tbats: 1.1.3
2024-08-08 18:05:03,529:INFO:            pmdarima: 2.0.4
2024-08-08 18:05:03,529:INFO:              psutil: 5.9.8
2024-08-08 18:05:03,529:INFO:          markupsafe: 2.1.5
2024-08-08 18:05:03,529:INFO:             pickle5: Not installed
2024-08-08 18:05:03,529:INFO:         cloudpickle: 3.0.0
2024-08-08 18:05:03,529:INFO:         deprecation: 2.1.0
2024-08-08 18:05:03,529:INFO:              xxhash: 3.4.1
2024-08-08 18:05:03,529:INFO:           wurlitzer: Not installed
2024-08-08 18:05:03,529:INFO:PyCaret optional dependencies:
2024-08-08 18:05:03,529:INFO:                shap: 0.44.0
2024-08-08 18:05:03,529:INFO:           interpret: 0.5.0
2024-08-08 18:05:03,529:INFO:                umap: 0.5.5
2024-08-08 18:05:03,529:INFO:     ydata_profiling: 4.7.0
2024-08-08 18:05:03,529:INFO:  explainerdashboard: 0.4.7
2024-08-08 18:05:03,529:INFO:             autoviz: Not installed
2024-08-08 18:05:03,529:INFO:           fairlearn: 0.7.0
2024-08-08 18:05:03,529:INFO:          deepchecks: Not installed
2024-08-08 18:05:03,529:INFO:             xgboost: 2.0.3
2024-08-08 18:05:03,529:INFO:            catboost: 1.2.3
2024-08-08 18:05:03,529:INFO:              kmodes: 0.12.2
2024-08-08 18:05:03,529:INFO:             mlxtend: 0.23.1
2024-08-08 18:05:03,529:INFO:       statsforecast: 1.5.0
2024-08-08 18:05:03,529:INFO:        tune_sklearn: 0.5.0
2024-08-08 18:05:03,529:INFO:                 ray: 2.9.3
2024-08-08 18:05:03,529:INFO:            hyperopt: 0.2.7
2024-08-08 18:05:03,529:INFO:              optuna: 3.6.0
2024-08-08 18:05:03,529:INFO:               skopt: 0.10.1
2024-08-08 18:05:03,529:INFO:              mlflow: 2.11.2
2024-08-08 18:05:03,529:INFO:              gradio: 4.22.0
2024-08-08 18:05:03,529:INFO:             fastapi: 0.110.0
2024-08-08 18:05:03,529:INFO:             uvicorn: 0.29.0
2024-08-08 18:05:03,529:INFO:              m2cgen: 0.10.0
2024-08-08 18:05:03,529:INFO:           evidently: 0.4.16
2024-08-08 18:05:03,529:INFO:               fugue: 0.8.6
2024-08-08 18:05:03,529:INFO:           streamlit: Not installed
2024-08-08 18:05:03,529:INFO:             prophet: Not installed
2024-08-08 18:05:03,529:INFO:None
2024-08-08 18:05:03,529:INFO:Set up data.
2024-08-08 18:05:03,533:INFO:Set up folding strategy.
2024-08-08 18:05:03,533:INFO:Set up train/test split.
2024-08-08 18:05:03,533:INFO:Set up index.
2024-08-08 18:05:03,533:INFO:Assigning column types.
2024-08-08 18:05:03,533:INFO:Engine successfully changes for model 'lr' to 'sklearn'.
2024-08-08 18:05:03,533:INFO:Engine for model 'lasso' has not been set explicitly, hence returning None.
2024-08-08 18:05:03,549:INFO:Engine for model 'ridge' has not been set explicitly, hence returning None.
2024-08-08 18:05:03,549:INFO:Engine for model 'en' has not been set explicitly, hence returning None.
2024-08-08 18:05:03,597:INFO:Engine for model 'svm' has not been set explicitly, hence returning None.
2024-08-08 18:05:03,629:INFO:Engine for model 'knn' has not been set explicitly, hence returning None.
2024-08-08 18:05:03,629:INFO:Soft dependency imported: xgboost: 2.0.3
2024-08-08 18:05:03,629:INFO:Soft dependency imported: catboost: 1.2.3
2024-08-08 18:05:03,764:INFO:Engine for model 'lasso' has not been set explicitly, hence returning None.
2024-08-08 18:05:03,764:INFO:Engine for model 'ridge' has not been set explicitly, hence returning None.
2024-08-08 18:05:03,779:INFO:Engine for model 'en' has not been set explicitly, hence returning None.
2024-08-08 18:05:03,829:INFO:Engine for model 'svm' has not been set explicitly, hence returning None.
2024-08-08 18:05:03,846:INFO:Engine for model 'knn' has not been set explicitly, hence returning None.
2024-08-08 18:05:03,846:INFO:Soft dependency imported: xgboost: 2.0.3
2024-08-08 18:05:03,861:INFO:Soft dependency imported: catboost: 1.2.3
2024-08-08 18:05:03,862:INFO:Engine successfully changes for model 'lasso' to 'sklearn'.
2024-08-08 18:05:03,862:INFO:Engine for model 'ridge' has not been set explicitly, hence returning None.
2024-08-08 18:05:03,862:INFO:Engine for model 'en' has not been set explicitly, hence returning None.
2024-08-08 18:05:03,897:INFO:Engine for model 'svm' has not been set explicitly, hence returning None.
2024-08-08 18:05:03,934:INFO:Engine for model 'knn' has not been set explicitly, hence returning None.
2024-08-08 18:05:03,934:INFO:Soft dependency imported: xgboost: 2.0.3
2024-08-08 18:05:03,934:INFO:Soft dependency imported: catboost: 1.2.3
2024-08-08 18:05:03,945:INFO:Engine for model 'ridge' has not been set explicitly, hence returning None.
2024-08-08 18:05:03,948:INFO:Engine for model 'en' has not been set explicitly, hence returning None.
2024-08-08 18:05:03,980:INFO:Engine for model 'svm' has not been set explicitly, hence returning None.
2024-08-08 18:05:04,016:INFO:Engine for model 'knn' has not been set explicitly, hence returning None.
2024-08-08 18:05:04,016:INFO:Soft dependency imported: xgboost: 2.0.3
2024-08-08 18:05:04,016:INFO:Soft dependency imported: catboost: 1.2.3
2024-08-08 18:05:04,016:INFO:Engine successfully changes for model 'ridge' to 'sklearn'.
2024-08-08 18:05:04,030:INFO:Engine for model 'en' has not been set explicitly, hence returning None.
2024-08-08 18:05:04,064:INFO:Engine for model 'svm' has not been set explicitly, hence returning None.
2024-08-08 18:05:04,098:INFO:Engine for model 'knn' has not been set explicitly, hence returning None.
2024-08-08 18:05:04,098:INFO:Soft dependency imported: xgboost: 2.0.3
2024-08-08 18:05:04,098:INFO:Soft dependency imported: catboost: 1.2.3
2024-08-08 18:05:04,112:INFO:Engine for model 'en' has not been set explicitly, hence returning None.
2024-08-08 18:05:04,147:INFO:Engine for model 'svm' has not been set explicitly, hence returning None.
2024-08-08 18:05:04,181:INFO:Engine for model 'knn' has not been set explicitly, hence returning None.
2024-08-08 18:05:04,181:INFO:Soft dependency imported: xgboost: 2.0.3
2024-08-08 18:05:04,181:INFO:Soft dependency imported: catboost: 1.2.3
2024-08-08 18:05:04,181:INFO:Engine successfully changes for model 'en' to 'sklearn'.
2024-08-08 18:05:04,234:INFO:Engine for model 'svm' has not been set explicitly, hence returning None.
2024-08-08 18:05:04,265:INFO:Engine for model 'knn' has not been set explicitly, hence returning None.
2024-08-08 18:05:04,265:INFO:Soft dependency imported: xgboost: 2.0.3
2024-08-08 18:05:04,265:INFO:Soft dependency imported: catboost: 1.2.3
2024-08-08 18:05:04,312:INFO:Engine for model 'svm' has not been set explicitly, hence returning None.
2024-08-08 18:05:04,349:INFO:Engine for model 'knn' has not been set explicitly, hence returning None.
2024-08-08 18:05:04,349:INFO:Soft dependency imported: xgboost: 2.0.3
2024-08-08 18:05:04,349:INFO:Soft dependency imported: catboost: 1.2.3
2024-08-08 18:05:04,349:INFO:Engine successfully changes for model 'knn' to 'sklearn'.
2024-08-08 18:05:04,397:INFO:Engine for model 'svm' has not been set explicitly, hence returning None.
2024-08-08 18:05:04,429:INFO:Soft dependency imported: xgboost: 2.0.3
2024-08-08 18:05:04,434:INFO:Soft dependency imported: catboost: 1.2.3
2024-08-08 18:05:04,479:INFO:Engine for model 'svm' has not been set explicitly, hence returning None.
2024-08-08 18:05:04,512:INFO:Soft dependency imported: xgboost: 2.0.3
2024-08-08 18:05:04,512:INFO:Soft dependency imported: catboost: 1.2.3
2024-08-08 18:05:04,512:INFO:Engine successfully changes for model 'svm' to 'sklearn'.
2024-08-08 18:05:04,595:INFO:Soft dependency imported: xgboost: 2.0.3
2024-08-08 18:05:04,595:INFO:Soft dependency imported: catboost: 1.2.3
2024-08-08 18:05:04,679:INFO:Soft dependency imported: xgboost: 2.0.3
2024-08-08 18:05:04,679:INFO:Soft dependency imported: catboost: 1.2.3
2024-08-08 18:05:04,682:INFO:Preparing preprocessing pipeline...
2024-08-08 18:05:04,682:INFO:Set up simple imputation.
2024-08-08 18:05:04,696:INFO:Set up encoding of categorical features.
2024-08-08 18:05:04,768:INFO:Finished creating preprocessing pipeline.
2024-08-08 18:05:04,776:INFO:Pipeline: Pipeline(memory=FastMemory(location=C:\Users\HQ198MU\AppData\Local\Temp\joblib),
         steps=[('numerical_imputer',
                 TransformerWrapper(include=['instant', 'season', 'yr', 'mnth',
                                             'hr', 'holiday', 'weekday',
                                             'workingday', 'weathersit', 'temp',
                                             'atemp', 'hum', 'windspeed'],
                                    transformer=SimpleImputer())),
                ('categorical_imputer',
                 TransformerWrapper(include=['dteday'],
                                    transformer=SimpleImputer(strategy='most_frequent'))),
                ('rest_encoding',
                 TransformerWrapper(include=['dteday'],
                                    transformer=TargetEncoder(cols=['dteday'],
                                                              handle_missing='return_nan')))])
2024-08-08 18:05:04,776:INFO:Creating final display dataframe.
2024-08-08 18:05:05,017:INFO:Setup _display_container:                     Description             Value
0                    Session id               123
1                        Target               cnt
2                   Target type        Regression
3           Original data shape       (17379, 15)
4        Transformed data shape       (17379, 15)
5   Transformed train set shape       (12165, 15)
6    Transformed test set shape        (5214, 15)
7              Numeric features                13
8          Categorical features                 1
9                    Preprocess              True
10              Imputation type            simple
11           Numeric imputation              mean
12       Categorical imputation              mode
13     Maximum one-hot encoding                25
14              Encoding method              None
15               Fold Generator             KFold
16                  Fold Number                10
17                     CPU Jobs                -1
18                      Use GPU             False
19               Log Experiment             False
20              Experiment Name  reg-default-name
21                          USI              6aea
2024-08-08 18:05:05,104:INFO:Soft dependency imported: xgboost: 2.0.3
2024-08-08 18:05:05,109:INFO:Soft dependency imported: catboost: 1.2.3
2024-08-08 18:05:05,182:INFO:Soft dependency imported: xgboost: 2.0.3
2024-08-08 18:05:05,182:INFO:Soft dependency imported: catboost: 1.2.3
2024-08-08 18:05:05,182:WARNING:c:\Users\HQ198MU\AppData\Local\anaconda3\envs\assessment_repo\lib\site-packages\pycaret\internal\metrics.py:51: FutureWarning: The `needs_threshold` and `needs_proba` parameter are deprecated in version 1.4 and will be removed in 1.6. You can either let `response_method` be `None` or set it to `predict` to preserve the same behaviour.
  warnings.warn(

2024-08-08 18:05:05,182:INFO:setup() successfully completed in 7.59s...............
2024-08-08 18:05:25,915:INFO:PyCaret RegressionExperiment
2024-08-08 18:05:25,915:INFO:Logging name: reg-default-name
2024-08-08 18:05:25,915:INFO:ML Usecase: MLUsecase.REGRESSION
2024-08-08 18:05:25,915:INFO:version 3.3.0
2024-08-08 18:05:25,915:INFO:Initializing setup()
2024-08-08 18:05:25,915:INFO:self.USI: e8a3
2024-08-08 18:05:25,915:INFO:self._variable_keys: {'y_train', 'fold_groups_param', 'exp_name_log', 'X_test', 'fold_generator', 'gpu_n_jobs_param', 'logging_param', 'exp_id', 'USI', 'idx', 'n_jobs_param', 'target_param', 'pipeline', 'memory', 'y_test', '_available_plots', 'html_param', 'X_train', 'X', 'seed', 'data', '_ml_usecase', 'gpu_param', 'y', 'transform_target_param', 'log_plots_param', 'fold_shuffle_param'}
2024-08-08 18:05:25,915:INFO:Checking environment
2024-08-08 18:05:25,915:INFO:python_version: 3.10.13
2024-08-08 18:05:25,915:INFO:python_build: ('main', 'Sep 11 2023 13:24:38')
2024-08-08 18:05:25,915:INFO:machine: AMD64
2024-08-08 18:05:25,915:INFO:platform: Windows-10-10.0.19045-SP0
2024-08-08 18:05:25,922:INFO:Memory: svmem(total=68273922048, available=37549842432, percent=45.0, used=30724079616, free=37549842432)
2024-08-08 18:05:25,922:INFO:Physical Core: 14
2024-08-08 18:05:25,922:INFO:Logical Core: 20
2024-08-08 18:05:25,922:INFO:Checking libraries
2024-08-08 18:05:25,922:INFO:System:
2024-08-08 18:05:25,923:INFO:    python: 3.10.13 | packaged by Anaconda, Inc. | (main, Sep 11 2023, 13:24:38) [MSC v.1916 64 bit (AMD64)]
2024-08-08 18:05:25,923:INFO:executable: c:\Users\HQ198MU\AppData\Local\anaconda3\envs\assessment_repo\python.exe
2024-08-08 18:05:25,923:INFO:   machine: Windows-10-10.0.19045-SP0
2024-08-08 18:05:25,923:INFO:PyCaret required dependencies:
2024-08-08 18:05:25,923:INFO:                 pip: 23.3.1
2024-08-08 18:05:25,923:INFO:          setuptools: 68.2.2
2024-08-08 18:05:25,923:INFO:             pycaret: 3.3.0
2024-08-08 18:05:25,923:INFO:             IPython: 8.22.2
2024-08-08 18:05:25,923:INFO:          ipywidgets: 8.1.2
2024-08-08 18:05:25,923:INFO:                tqdm: 4.66.2
2024-08-08 18:05:25,923:INFO:               numpy: 1.26.4
2024-08-08 18:05:25,923:INFO:              pandas: 1.5.3
2024-08-08 18:05:25,923:INFO:              jinja2: 3.1.3
2024-08-08 18:05:25,923:INFO:               scipy: 1.11.4
2024-08-08 18:05:25,923:INFO:              joblib: 1.3.2
2024-08-08 18:05:25,923:INFO:             sklearn: 1.4.1.post1
2024-08-08 18:05:25,923:INFO:                pyod: 1.1.3
2024-08-08 18:05:25,923:INFO:            imblearn: 0.12.0
2024-08-08 18:05:25,923:INFO:   category_encoders: 2.6.3
2024-08-08 18:05:25,923:INFO:            lightgbm: 4.3.0
2024-08-08 18:05:25,923:INFO:               numba: 0.59.1
2024-08-08 18:05:25,923:INFO:            requests: 2.31.0
2024-08-08 18:05:25,923:INFO:          matplotlib: 3.7.5
2024-08-08 18:05:25,923:INFO:          scikitplot: 0.3.7
2024-08-08 18:05:25,923:INFO:         yellowbrick: 1.5
2024-08-08 18:05:25,923:INFO:              plotly: 5.20.0
2024-08-08 18:05:25,923:INFO:    plotly-resampler: Not installed
2024-08-08 18:05:25,924:INFO:             kaleido: 0.2.1
2024-08-08 18:05:25,924:INFO:           schemdraw: 0.15
2024-08-08 18:05:25,924:INFO:         statsmodels: 0.14.1
2024-08-08 18:05:25,924:INFO:              sktime: 0.27.0
2024-08-08 18:05:25,924:INFO:               tbats: 1.1.3
2024-08-08 18:05:25,924:INFO:            pmdarima: 2.0.4
2024-08-08 18:05:25,924:INFO:              psutil: 5.9.8
2024-08-08 18:05:25,924:INFO:          markupsafe: 2.1.5
2024-08-08 18:05:25,924:INFO:             pickle5: Not installed
2024-08-08 18:05:25,924:INFO:         cloudpickle: 3.0.0
2024-08-08 18:05:25,924:INFO:         deprecation: 2.1.0
2024-08-08 18:05:25,924:INFO:              xxhash: 3.4.1
2024-08-08 18:05:25,924:INFO:           wurlitzer: Not installed
2024-08-08 18:05:25,924:INFO:PyCaret optional dependencies:
2024-08-08 18:05:25,924:INFO:                shap: 0.44.0
2024-08-08 18:05:25,924:INFO:           interpret: 0.5.0
2024-08-08 18:05:25,924:INFO:                umap: 0.5.5
2024-08-08 18:05:25,924:INFO:     ydata_profiling: 4.7.0
2024-08-08 18:05:25,924:INFO:  explainerdashboard: 0.4.7
2024-08-08 18:05:25,924:INFO:             autoviz: Not installed
2024-08-08 18:05:25,924:INFO:           fairlearn: 0.7.0
2024-08-08 18:05:25,924:INFO:          deepchecks: Not installed
2024-08-08 18:05:25,924:INFO:             xgboost: 2.0.3
2024-08-08 18:05:25,924:INFO:            catboost: 1.2.3
2024-08-08 18:05:25,924:INFO:              kmodes: 0.12.2
2024-08-08 18:05:25,924:INFO:             mlxtend: 0.23.1
2024-08-08 18:05:25,924:INFO:       statsforecast: 1.5.0
2024-08-08 18:05:25,924:INFO:        tune_sklearn: 0.5.0
2024-08-08 18:05:25,925:INFO:                 ray: 2.9.3
2024-08-08 18:05:25,925:INFO:            hyperopt: 0.2.7
2024-08-08 18:05:25,925:INFO:              optuna: 3.6.0
2024-08-08 18:05:25,925:INFO:               skopt: 0.10.1
2024-08-08 18:05:25,925:INFO:              mlflow: 2.11.2
2024-08-08 18:05:25,925:INFO:              gradio: 4.22.0
2024-08-08 18:05:25,925:INFO:             fastapi: 0.110.0
2024-08-08 18:05:25,925:INFO:             uvicorn: 0.29.0
2024-08-08 18:05:25,925:INFO:              m2cgen: 0.10.0
2024-08-08 18:05:25,925:INFO:           evidently: 0.4.16
2024-08-08 18:05:25,925:INFO:               fugue: 0.8.6
2024-08-08 18:05:25,925:INFO:           streamlit: Not installed
2024-08-08 18:05:25,925:INFO:             prophet: Not installed
2024-08-08 18:05:25,925:INFO:None
2024-08-08 18:05:25,925:INFO:Set up data.
2024-08-08 18:05:25,935:INFO:Set up folding strategy.
2024-08-08 18:05:25,935:INFO:Set up train/test split.
2024-08-08 18:05:25,939:INFO:Set up index.
2024-08-08 18:05:25,940:INFO:Assigning column types.
2024-08-08 18:05:25,945:INFO:Engine successfully changes for model 'lr' to 'sklearn'.
2024-08-08 18:05:25,946:INFO:Engine for model 'lasso' has not been set explicitly, hence returning None.
2024-08-08 18:05:25,949:INFO:Engine for model 'ridge' has not been set explicitly, hence returning None.
2024-08-08 18:05:25,953:INFO:Engine for model 'en' has not been set explicitly, hence returning None.
2024-08-08 18:05:26,004:INFO:Engine for model 'svm' has not been set explicitly, hence returning None.
2024-08-08 18:05:26,038:INFO:Engine for model 'knn' has not been set explicitly, hence returning None.
2024-08-08 18:05:26,039:INFO:Soft dependency imported: xgboost: 2.0.3
2024-08-08 18:05:26,041:INFO:Soft dependency imported: catboost: 1.2.3
2024-08-08 18:05:26,042:INFO:Engine for model 'lasso' has not been set explicitly, hence returning None.
2024-08-08 18:05:26,047:INFO:Engine for model 'ridge' has not been set explicitly, hence returning None.
2024-08-08 18:05:26,051:INFO:Engine for model 'en' has not been set explicitly, hence returning None.
2024-08-08 18:05:26,095:INFO:Engine for model 'svm' has not been set explicitly, hence returning None.
2024-08-08 18:05:26,129:INFO:Engine for model 'knn' has not been set explicitly, hence returning None.
2024-08-08 18:05:26,129:INFO:Soft dependency imported: xgboost: 2.0.3
2024-08-08 18:05:26,131:INFO:Soft dependency imported: catboost: 1.2.3
2024-08-08 18:05:26,132:INFO:Engine successfully changes for model 'lasso' to 'sklearn'.
2024-08-08 18:05:26,136:INFO:Engine for model 'ridge' has not been set explicitly, hence returning None.
2024-08-08 18:05:26,139:INFO:Engine for model 'en' has not been set explicitly, hence returning None.
2024-08-08 18:05:26,184:INFO:Engine for model 'svm' has not been set explicitly, hence returning None.
2024-08-08 18:05:26,218:INFO:Engine for model 'knn' has not been set explicitly, hence returning None.
2024-08-08 18:05:26,219:INFO:Soft dependency imported: xgboost: 2.0.3
2024-08-08 18:05:26,221:INFO:Soft dependency imported: catboost: 1.2.3
2024-08-08 18:05:26,225:INFO:Engine for model 'ridge' has not been set explicitly, hence returning None.
2024-08-08 18:05:26,228:INFO:Engine for model 'en' has not been set explicitly, hence returning None.
2024-08-08 18:05:26,272:INFO:Engine for model 'svm' has not been set explicitly, hence returning None.
2024-08-08 18:05:26,304:INFO:Engine for model 'knn' has not been set explicitly, hence returning None.
2024-08-08 18:05:26,305:INFO:Soft dependency imported: xgboost: 2.0.3
2024-08-08 18:05:26,307:INFO:Soft dependency imported: catboost: 1.2.3
2024-08-08 18:05:26,307:INFO:Engine successfully changes for model 'ridge' to 'sklearn'.
2024-08-08 18:05:26,315:INFO:Engine for model 'en' has not been set explicitly, hence returning None.
2024-08-08 18:05:26,370:INFO:Engine for model 'svm' has not been set explicitly, hence returning None.
2024-08-08 18:05:26,403:INFO:Engine for model 'knn' has not been set explicitly, hence returning None.
2024-08-08 18:05:26,404:INFO:Soft dependency imported: xgboost: 2.0.3
2024-08-08 18:05:26,406:INFO:Soft dependency imported: catboost: 1.2.3
2024-08-08 18:05:26,413:INFO:Engine for model 'en' has not been set explicitly, hence returning None.
2024-08-08 18:05:26,456:INFO:Engine for model 'svm' has not been set explicitly, hence returning None.
2024-08-08 18:05:26,488:INFO:Engine for model 'knn' has not been set explicitly, hence returning None.
2024-08-08 18:05:26,489:INFO:Soft dependency imported: xgboost: 2.0.3
2024-08-08 18:05:26,491:INFO:Soft dependency imported: catboost: 1.2.3
2024-08-08 18:05:26,491:INFO:Engine successfully changes for model 'en' to 'sklearn'.
2024-08-08 18:05:26,546:INFO:Engine for model 'svm' has not been set explicitly, hence returning None.
2024-08-08 18:05:26,580:INFO:Engine for model 'knn' has not been set explicitly, hence returning None.
2024-08-08 18:05:26,581:INFO:Soft dependency imported: xgboost: 2.0.3
2024-08-08 18:05:26,583:INFO:Soft dependency imported: catboost: 1.2.3
2024-08-08 18:05:26,633:INFO:Engine for model 'svm' has not been set explicitly, hence returning None.
2024-08-08 18:05:26,666:INFO:Engine for model 'knn' has not been set explicitly, hence returning None.
2024-08-08 18:05:26,667:INFO:Soft dependency imported: xgboost: 2.0.3
2024-08-08 18:05:26,670:INFO:Soft dependency imported: catboost: 1.2.3
2024-08-08 18:05:26,670:INFO:Engine successfully changes for model 'knn' to 'sklearn'.
2024-08-08 18:05:26,721:INFO:Engine for model 'svm' has not been set explicitly, hence returning None.
2024-08-08 18:05:26,753:INFO:Soft dependency imported: xgboost: 2.0.3
2024-08-08 18:05:26,755:INFO:Soft dependency imported: catboost: 1.2.3
2024-08-08 18:05:26,807:INFO:Engine for model 'svm' has not been set explicitly, hence returning None.
2024-08-08 18:05:26,840:INFO:Soft dependency imported: xgboost: 2.0.3
2024-08-08 18:05:26,842:INFO:Soft dependency imported: catboost: 1.2.3
2024-08-08 18:05:26,843:INFO:Engine successfully changes for model 'svm' to 'sklearn'.
2024-08-08 18:05:26,926:INFO:Soft dependency imported: xgboost: 2.0.3
2024-08-08 18:05:26,928:INFO:Soft dependency imported: catboost: 1.2.3
2024-08-08 18:05:27,016:INFO:Soft dependency imported: xgboost: 2.0.3
2024-08-08 18:05:27,018:INFO:Soft dependency imported: catboost: 1.2.3
2024-08-08 18:05:27,030:INFO:Preparing preprocessing pipeline...
2024-08-08 18:05:27,030:INFO:Set up simple imputation.
2024-08-08 18:05:27,032:INFO:Set up encoding of categorical features.
2024-08-08 18:05:27,119:INFO:Finished creating preprocessing pipeline.
2024-08-08 18:05:27,124:INFO:Pipeline: Pipeline(memory=FastMemory(location=C:\Users\HQ198MU\AppData\Local\Temp\joblib),
         steps=[('numerical_imputer',
                 TransformerWrapper(include=['instant', 'season', 'yr', 'mnth',
                                             'hr', 'holiday', 'weekday',
                                             'workingday', 'weathersit', 'temp',
                                             'atemp', 'hum', 'windspeed'],
                                    transformer=SimpleImputer())),
                ('categorical_imputer',
                 TransformerWrapper(include=['dteday'],
                                    transformer=SimpleImputer(strategy='most_frequent'))),
                ('rest_encoding',
                 TransformerWrapper(include=['dteday'],
                                    transformer=TargetEncoder(cols=['dteday'],
                                                              handle_missing='return_nan')))])
2024-08-08 18:05:27,124:INFO:Creating final display dataframe.
2024-08-08 18:05:27,385:INFO:Setup _display_container:                     Description             Value
0                    Session id               123
1                        Target               cnt
2                   Target type        Regression
3           Original data shape       (17379, 15)
4        Transformed data shape       (17379, 15)
5   Transformed train set shape       (12165, 15)
6    Transformed test set shape        (5214, 15)
7              Numeric features                13
8          Categorical features                 1
9                    Preprocess              True
10              Imputation type            simple
11           Numeric imputation              mean
12       Categorical imputation              mode
13     Maximum one-hot encoding                25
14              Encoding method              None
15               Fold Generator             KFold
16                  Fold Number                10
17                     CPU Jobs                -1
18                      Use GPU             False
19               Log Experiment             False
20              Experiment Name  reg-default-name
21                          USI              e8a3
2024-08-08 18:05:27,479:INFO:Soft dependency imported: xgboost: 2.0.3
2024-08-08 18:05:27,481:INFO:Soft dependency imported: catboost: 1.2.3
2024-08-08 18:05:27,564:INFO:Soft dependency imported: xgboost: 2.0.3
2024-08-08 18:05:27,566:INFO:Soft dependency imported: catboost: 1.2.3
2024-08-08 18:05:27,567:WARNING:c:\Users\HQ198MU\AppData\Local\anaconda3\envs\assessment_repo\lib\site-packages\pycaret\internal\metrics.py:51: FutureWarning: The `needs_threshold` and `needs_proba` parameter are deprecated in version 1.4 and will be removed in 1.6. You can either let `response_method` be `None` or set it to `predict` to preserve the same behaviour.
  warnings.warn(

2024-08-08 18:05:27,567:INFO:setup() successfully completed in 7.52s...............
2024-08-08 18:07:57,935:INFO:Initializing get_config()
2024-08-08 18:07:57,935:INFO:get_config(self=<pycaret.regression.oop.RegressionExperiment object at 0x0000018236CCC430>, variable=X)
2024-08-08 18:07:57,943:INFO:Variable:  returned as        instant      dteday  season  yr  mnth  hr  holiday  weekday  \
1859      1860   3/23/2011       2   0     3   6        0        3   
7302      7303   11/5/2011       4   0    11  21        0        6   
17094    17095  12/20/2012       4   1    12   1        0        4   
17009    17010  12/16/2012       4   1    12  12        0        0   
1636      1637   3/13/2011       1   0     3  17        0        0   
...        ...         ...     ...  ..   ...  ..      ...      ...   
204        205    1/9/2011       1   0     1  19        0        0   
2179      2180    4/5/2011       2   0     4  16        0        2   
12351    12352    6/3/2012       2   1     6  20        0        0   
1846      1847   3/22/2011       2   0     3  16        0        2   
11225    11226   4/17/2012       2   1     4  22        0        2   

       workingday  weathersit  temp   atemp   hum  windspeed  
1859            1           2  0.34  0.3182  0.87     0.2537  
7302            0           1  0.32  0.3485  0.66     0.0000  
17094           1           1  0.32  0.3485  0.66     0.0000  
17009           0           2  0.38  0.3939  0.82     0.1940  
1636            0           1  0.44  0.4394  0.41     0.3582  
...           ...         ...   ...     ...   ...        ...  
204             0           1  0.16  0.1364  0.43     0.3284  
2179            1           1  0.38  0.3939  0.46     0.4179  
12351           0           1  0.66  0.6212  0.39     0.1940  
1846            1           1  0.50  0.4848  0.42     0.1045  
11225           1           1  0.54  0.5152  0.30     0.2537  

[17379 rows x 14 columns]
2024-08-08 18:07:57,943:INFO:get_config() successfully completed......................................
2024-08-08 18:08:37,355:INFO:Initializing get_config()
2024-08-08 18:08:37,355:INFO:get_config(self=<pycaret.regression.oop.RegressionExperiment object at 0x0000018236CCC430>, variable=X)
2024-08-08 18:08:37,363:INFO:Variable:  returned as        instant      dteday  season  yr  mnth  hr  holiday  weekday  \
1859      1860   3/23/2011       2   0     3   6        0        3   
7302      7303   11/5/2011       4   0    11  21        0        6   
17094    17095  12/20/2012       4   1    12   1        0        4   
17009    17010  12/16/2012       4   1    12  12        0        0   
1636      1637   3/13/2011       1   0     3  17        0        0   
...        ...         ...     ...  ..   ...  ..      ...      ...   
204        205    1/9/2011       1   0     1  19        0        0   
2179      2180    4/5/2011       2   0     4  16        0        2   
12351    12352    6/3/2012       2   1     6  20        0        0   
1846      1847   3/22/2011       2   0     3  16        0        2   
11225    11226   4/17/2012       2   1     4  22        0        2   

       workingday  weathersit  temp   atemp   hum  windspeed  
1859            1           2  0.34  0.3182  0.87     0.2537  
7302            0           1  0.32  0.3485  0.66     0.0000  
17094           1           1  0.32  0.3485  0.66     0.0000  
17009           0           2  0.38  0.3939  0.82     0.1940  
1636            0           1  0.44  0.4394  0.41     0.3582  
...           ...         ...   ...     ...   ...        ...  
204             0           1  0.16  0.1364  0.43     0.3284  
2179            1           1  0.38  0.3939  0.46     0.4179  
12351           0           1  0.66  0.6212  0.39     0.1940  
1846            1           1  0.50  0.4848  0.42     0.1045  
11225           1           1  0.54  0.5152  0.30     0.2537  

[17379 rows x 14 columns]
2024-08-08 18:08:37,363:INFO:get_config() successfully completed......................................
2024-08-08 18:08:47,493:INFO:PyCaret RegressionExperiment
2024-08-08 18:08:47,493:INFO:Logging name: reg-default-name
2024-08-08 18:08:47,493:INFO:ML Usecase: MLUsecase.REGRESSION
2024-08-08 18:08:47,493:INFO:version 3.3.0
2024-08-08 18:08:47,493:INFO:Initializing setup()
2024-08-08 18:08:47,493:INFO:self.USI: e119
2024-08-08 18:08:47,493:INFO:self._variable_keys: {'y_train', 'fold_groups_param', 'exp_name_log', 'X_test', 'fold_generator', 'gpu_n_jobs_param', 'logging_param', 'exp_id', 'USI', 'idx', 'n_jobs_param', 'target_param', 'pipeline', 'memory', 'y_test', '_available_plots', 'html_param', 'X_train', 'X', 'seed', 'data', '_ml_usecase', 'gpu_param', 'y', 'transform_target_param', 'log_plots_param', 'fold_shuffle_param'}
2024-08-08 18:08:47,493:INFO:Checking environment
2024-08-08 18:08:47,493:INFO:python_version: 3.10.13
2024-08-08 18:08:47,493:INFO:python_build: ('main', 'Sep 11 2023 13:24:38')
2024-08-08 18:08:47,493:INFO:machine: AMD64
2024-08-08 18:08:47,493:INFO:platform: Windows-10-10.0.19045-SP0
2024-08-08 18:08:47,505:INFO:Memory: svmem(total=68273922048, available=37043609600, percent=45.7, used=31230312448, free=37043609600)
2024-08-08 18:08:47,505:INFO:Physical Core: 14
2024-08-08 18:08:47,505:INFO:Logical Core: 20
2024-08-08 18:08:47,505:INFO:Checking libraries
2024-08-08 18:08:47,505:INFO:System:
2024-08-08 18:08:47,505:INFO:    python: 3.10.13 | packaged by Anaconda, Inc. | (main, Sep 11 2023, 13:24:38) [MSC v.1916 64 bit (AMD64)]
2024-08-08 18:08:47,505:INFO:executable: c:\Users\HQ198MU\AppData\Local\anaconda3\envs\assessment_repo\python.exe
2024-08-08 18:08:47,505:INFO:   machine: Windows-10-10.0.19045-SP0
2024-08-08 18:08:47,505:INFO:PyCaret required dependencies:
2024-08-08 18:08:47,505:INFO:                 pip: 23.3.1
2024-08-08 18:08:47,505:INFO:          setuptools: 68.2.2
2024-08-08 18:08:47,505:INFO:             pycaret: 3.3.0
2024-08-08 18:08:47,505:INFO:             IPython: 8.22.2
2024-08-08 18:08:47,505:INFO:          ipywidgets: 8.1.2
2024-08-08 18:08:47,505:INFO:                tqdm: 4.66.2
2024-08-08 18:08:47,505:INFO:               numpy: 1.26.4
2024-08-08 18:08:47,505:INFO:              pandas: 1.5.3
2024-08-08 18:08:47,505:INFO:              jinja2: 3.1.3
2024-08-08 18:08:47,505:INFO:               scipy: 1.11.4
2024-08-08 18:08:47,505:INFO:              joblib: 1.3.2
2024-08-08 18:08:47,505:INFO:             sklearn: 1.4.1.post1
2024-08-08 18:08:47,505:INFO:                pyod: 1.1.3
2024-08-08 18:08:47,505:INFO:            imblearn: 0.12.0
2024-08-08 18:08:47,505:INFO:   category_encoders: 2.6.3
2024-08-08 18:08:47,505:INFO:            lightgbm: 4.3.0
2024-08-08 18:08:47,505:INFO:               numba: 0.59.1
2024-08-08 18:08:47,505:INFO:            requests: 2.31.0
2024-08-08 18:08:47,505:INFO:          matplotlib: 3.7.5
2024-08-08 18:08:47,505:INFO:          scikitplot: 0.3.7
2024-08-08 18:08:47,505:INFO:         yellowbrick: 1.5
2024-08-08 18:08:47,505:INFO:              plotly: 5.20.0
2024-08-08 18:08:47,505:INFO:    plotly-resampler: Not installed
2024-08-08 18:08:47,505:INFO:             kaleido: 0.2.1
2024-08-08 18:08:47,505:INFO:           schemdraw: 0.15
2024-08-08 18:08:47,505:INFO:         statsmodels: 0.14.1
2024-08-08 18:08:47,505:INFO:              sktime: 0.27.0
2024-08-08 18:08:47,505:INFO:               tbats: 1.1.3
2024-08-08 18:08:47,505:INFO:            pmdarima: 2.0.4
2024-08-08 18:08:47,505:INFO:              psutil: 5.9.8
2024-08-08 18:08:47,505:INFO:          markupsafe: 2.1.5
2024-08-08 18:08:47,505:INFO:             pickle5: Not installed
2024-08-08 18:08:47,505:INFO:         cloudpickle: 3.0.0
2024-08-08 18:08:47,505:INFO:         deprecation: 2.1.0
2024-08-08 18:08:47,505:INFO:              xxhash: 3.4.1
2024-08-08 18:08:47,505:INFO:           wurlitzer: Not installed
2024-08-08 18:08:47,505:INFO:PyCaret optional dependencies:
2024-08-08 18:08:47,505:INFO:                shap: 0.44.0
2024-08-08 18:08:47,505:INFO:           interpret: 0.5.0
2024-08-08 18:08:47,505:INFO:                umap: 0.5.5
2024-08-08 18:08:47,505:INFO:     ydata_profiling: 4.7.0
2024-08-08 18:08:47,505:INFO:  explainerdashboard: 0.4.7
2024-08-08 18:08:47,505:INFO:             autoviz: Not installed
2024-08-08 18:08:47,505:INFO:           fairlearn: 0.7.0
2024-08-08 18:08:47,505:INFO:          deepchecks: Not installed
2024-08-08 18:08:47,505:INFO:             xgboost: 2.0.3
2024-08-08 18:08:47,505:INFO:            catboost: 1.2.3
2024-08-08 18:08:47,505:INFO:              kmodes: 0.12.2
2024-08-08 18:08:47,505:INFO:             mlxtend: 0.23.1
2024-08-08 18:08:47,505:INFO:       statsforecast: 1.5.0
2024-08-08 18:08:47,505:INFO:        tune_sklearn: 0.5.0
2024-08-08 18:08:47,505:INFO:                 ray: 2.9.3
2024-08-08 18:08:47,505:INFO:            hyperopt: 0.2.7
2024-08-08 18:08:47,505:INFO:              optuna: 3.6.0
2024-08-08 18:08:47,505:INFO:               skopt: 0.10.1
2024-08-08 18:08:47,505:INFO:              mlflow: 2.11.2
2024-08-08 18:08:47,505:INFO:              gradio: 4.22.0
2024-08-08 18:08:47,505:INFO:             fastapi: 0.110.0
2024-08-08 18:08:47,505:INFO:             uvicorn: 0.29.0
2024-08-08 18:08:47,505:INFO:              m2cgen: 0.10.0
2024-08-08 18:08:47,505:INFO:           evidently: 0.4.16
2024-08-08 18:08:47,505:INFO:               fugue: 0.8.6
2024-08-08 18:08:47,505:INFO:           streamlit: Not installed
2024-08-08 18:08:47,505:INFO:             prophet: Not installed
2024-08-08 18:08:47,505:INFO:None
2024-08-08 18:08:47,505:INFO:Set up data.
2024-08-08 18:08:47,505:INFO:Set up folding strategy.
2024-08-08 18:08:47,505:INFO:Set up train/test split.
2024-08-08 18:08:47,522:INFO:Set up index.
2024-08-08 18:08:47,522:INFO:Assigning column types.
2024-08-08 18:08:47,522:INFO:Engine successfully changes for model 'lr' to 'sklearn'.
2024-08-08 18:08:47,522:INFO:Engine for model 'lasso' has not been set explicitly, hence returning None.
2024-08-08 18:08:47,522:INFO:Engine for model 'ridge' has not been set explicitly, hence returning None.
2024-08-08 18:08:47,522:INFO:Engine for model 'en' has not been set explicitly, hence returning None.
2024-08-08 18:08:47,570:INFO:Engine for model 'svm' has not been set explicitly, hence returning None.
2024-08-08 18:08:47,587:INFO:Engine for model 'knn' has not been set explicitly, hence returning None.
2024-08-08 18:08:47,587:INFO:Soft dependency imported: xgboost: 2.0.3
2024-08-08 18:08:47,603:INFO:Soft dependency imported: catboost: 1.2.3
2024-08-08 18:08:47,605:INFO:Engine for model 'lasso' has not been set explicitly, hence returning None.
2024-08-08 18:08:47,606:INFO:Engine for model 'ridge' has not been set explicitly, hence returning None.
2024-08-08 18:08:47,606:INFO:Engine for model 'en' has not been set explicitly, hence returning None.
2024-08-08 18:08:47,651:INFO:Engine for model 'svm' has not been set explicitly, hence returning None.
2024-08-08 18:08:47,680:INFO:Engine for model 'knn' has not been set explicitly, hence returning None.
2024-08-08 18:08:47,680:INFO:Soft dependency imported: xgboost: 2.0.3
2024-08-08 18:08:47,680:INFO:Soft dependency imported: catboost: 1.2.3
2024-08-08 18:08:47,680:INFO:Engine successfully changes for model 'lasso' to 'sklearn'.
2024-08-08 18:08:47,689:INFO:Engine for model 'ridge' has not been set explicitly, hence returning None.
2024-08-08 18:08:47,694:INFO:Engine for model 'en' has not been set explicitly, hence returning None.
2024-08-08 18:08:47,739:INFO:Engine for model 'svm' has not been set explicitly, hence returning None.
2024-08-08 18:08:47,774:INFO:Engine for model 'knn' has not been set explicitly, hence returning None.
2024-08-08 18:08:47,774:INFO:Soft dependency imported: xgboost: 2.0.3
2024-08-08 18:08:47,774:INFO:Soft dependency imported: catboost: 1.2.3
2024-08-08 18:08:47,780:INFO:Engine for model 'ridge' has not been set explicitly, hence returning None.
2024-08-08 18:08:47,780:INFO:Engine for model 'en' has not been set explicitly, hence returning None.
2024-08-08 18:08:47,820:INFO:Engine for model 'svm' has not been set explicitly, hence returning None.
2024-08-08 18:08:47,857:INFO:Engine for model 'knn' has not been set explicitly, hence returning None.
2024-08-08 18:08:47,865:INFO:Soft dependency imported: xgboost: 2.0.3
2024-08-08 18:08:47,865:INFO:Soft dependency imported: catboost: 1.2.3
2024-08-08 18:08:47,865:INFO:Engine successfully changes for model 'ridge' to 'sklearn'.
2024-08-08 18:08:47,874:INFO:Engine for model 'en' has not been set explicitly, hence returning None.
2024-08-08 18:08:47,922:INFO:Engine for model 'svm' has not been set explicitly, hence returning None.
2024-08-08 18:08:47,953:INFO:Engine for model 'knn' has not been set explicitly, hence returning None.
2024-08-08 18:08:47,953:INFO:Soft dependency imported: xgboost: 2.0.3
2024-08-08 18:08:47,953:INFO:Soft dependency imported: catboost: 1.2.3
2024-08-08 18:08:47,953:INFO:Engine for model 'en' has not been set explicitly, hence returning None.
2024-08-08 18:08:47,996:INFO:Engine for model 'svm' has not been set explicitly, hence returning None.
2024-08-08 18:08:48,023:INFO:Engine for model 'knn' has not been set explicitly, hence returning None.
2024-08-08 18:08:48,039:INFO:Soft dependency imported: xgboost: 2.0.3
2024-08-08 18:08:48,039:INFO:Soft dependency imported: catboost: 1.2.3
2024-08-08 18:08:48,039:INFO:Engine successfully changes for model 'en' to 'sklearn'.
2024-08-08 18:08:48,080:INFO:Engine for model 'svm' has not been set explicitly, hence returning None.
2024-08-08 18:08:48,123:INFO:Engine for model 'knn' has not been set explicitly, hence returning None.
2024-08-08 18:08:48,123:INFO:Soft dependency imported: xgboost: 2.0.3
2024-08-08 18:08:48,123:INFO:Soft dependency imported: catboost: 1.2.3
2024-08-08 18:08:48,171:INFO:Engine for model 'svm' has not been set explicitly, hence returning None.
2024-08-08 18:08:48,197:INFO:Engine for model 'knn' has not been set explicitly, hence returning None.
2024-08-08 18:08:48,197:INFO:Soft dependency imported: xgboost: 2.0.3
2024-08-08 18:08:48,205:INFO:Soft dependency imported: catboost: 1.2.3
2024-08-08 18:08:48,206:INFO:Engine successfully changes for model 'knn' to 'sklearn'.
2024-08-08 18:08:48,239:INFO:Engine for model 'svm' has not been set explicitly, hence returning None.
2024-08-08 18:08:48,287:INFO:Soft dependency imported: xgboost: 2.0.3
2024-08-08 18:08:48,287:INFO:Soft dependency imported: catboost: 1.2.3
2024-08-08 18:08:48,339:INFO:Engine for model 'svm' has not been set explicitly, hence returning None.
2024-08-08 18:08:48,365:INFO:Soft dependency imported: xgboost: 2.0.3
2024-08-08 18:08:48,365:INFO:Soft dependency imported: catboost: 1.2.3
2024-08-08 18:08:48,365:INFO:Engine successfully changes for model 'svm' to 'sklearn'.
2024-08-08 18:08:48,455:INFO:Soft dependency imported: xgboost: 2.0.3
2024-08-08 18:08:48,455:INFO:Soft dependency imported: catboost: 1.2.3
2024-08-08 18:08:48,538:INFO:Soft dependency imported: xgboost: 2.0.3
2024-08-08 18:08:48,540:INFO:Soft dependency imported: catboost: 1.2.3
2024-08-08 18:08:48,540:INFO:Preparing preprocessing pipeline...
2024-08-08 18:08:48,540:INFO:Set up date feature engineering.
2024-08-08 18:08:48,540:INFO:Set up simple imputation.
2024-08-08 18:08:48,616:INFO:Finished creating preprocessing pipeline.
2024-08-08 18:08:48,618:INFO:Pipeline: Pipeline(memory=FastMemory(location=C:\Users\HQ198MU\AppData\Local\Temp\joblib),
         steps=[('date_feature_extractor',
                 TransformerWrapper(include=['dteday'],
                                    transformer=ExtractDateTimeFeatures())),
                ('numerical_imputer',
                 TransformerWrapper(include=['instant', 'season', 'yr', 'mnth',
                                             'hr', 'holiday', 'weekday',
                                             'workingday', 'weathersit', 'temp',
                                             'atemp', 'hum', 'windspeed'],
                                    transformer=SimpleImputer())),
                ('categorical_imputer',
                 TransformerWrapper(include=[],
                                    transformer=SimpleImputer(strategy='most_frequent')))])
2024-08-08 18:08:48,618:INFO:Creating final display dataframe.
2024-08-08 18:08:48,793:INFO:Setup _display_container:                     Description             Value
0                    Session id               123
1                        Target               cnt
2                   Target type        Regression
3           Original data shape       (17379, 15)
4        Transformed data shape       (17379, 17)
5   Transformed train set shape       (12165, 17)
6    Transformed test set shape        (5214, 17)
7              Numeric features                13
8                 Date features                 1
9                    Preprocess              True
10              Imputation type            simple
11           Numeric imputation              mean
12       Categorical imputation              mode
13               Fold Generator             KFold
14                  Fold Number                10
15                     CPU Jobs                -1
16                      Use GPU             False
17               Log Experiment             False
18              Experiment Name  reg-default-name
19                          USI              e119
2024-08-08 18:08:48,882:INFO:Soft dependency imported: xgboost: 2.0.3
2024-08-08 18:08:48,884:INFO:Soft dependency imported: catboost: 1.2.3
2024-08-08 18:08:48,969:INFO:Soft dependency imported: xgboost: 2.0.3
2024-08-08 18:08:48,972:INFO:Soft dependency imported: catboost: 1.2.3
2024-08-08 18:08:48,972:WARNING:c:\Users\HQ198MU\AppData\Local\anaconda3\envs\assessment_repo\lib\site-packages\pycaret\internal\metrics.py:51: FutureWarning: The `needs_threshold` and `needs_proba` parameter are deprecated in version 1.4 and will be removed in 1.6. You can either let `response_method` be `None` or set it to `predict` to preserve the same behaviour.
  warnings.warn(

2024-08-08 18:08:48,973:INFO:setup() successfully completed in 7.39s...............
2024-08-08 18:08:55,844:INFO:Initializing get_config()
2024-08-08 18:08:55,844:INFO:get_config(self=<pycaret.regression.oop.RegressionExperiment object at 0x0000018211A1A320>, variable=X)
2024-08-08 18:08:55,851:INFO:Variable:  returned as        instant     dteday  season  yr  mnth  hr  holiday  weekday  workingday  \
1859      1860 2011-03-23       2   0     3   6        0        3           1   
7302      7303 2011-11-05       4   0    11  21        0        6           0   
17094    17095 2012-12-20       4   1    12   1        0        4           1   
17009    17010 2012-12-16       4   1    12  12        0        0           0   
1636      1637 2011-03-13       1   0     3  17        0        0           0   
...        ...        ...     ...  ..   ...  ..      ...      ...         ...   
204        205 2011-01-09       1   0     1  19        0        0           0   
2179      2180 2011-04-05       2   0     4  16        0        2           1   
12351    12352 2012-06-03       2   1     6  20        0        0           0   
1846      1847 2011-03-22       2   0     3  16        0        2           1   
11225    11226 2012-04-17       2   1     4  22        0        2           1   

       weathersit  temp   atemp   hum  windspeed  
1859            2  0.34  0.3182  0.87     0.2537  
7302            1  0.32  0.3485  0.66     0.0000  
17094           1  0.32  0.3485  0.66     0.0000  
17009           2  0.38  0.3939  0.82     0.1940  
1636            1  0.44  0.4394  0.41     0.3582  
...           ...   ...     ...   ...        ...  
204             1  0.16  0.1364  0.43     0.3284  
2179            1  0.38  0.3939  0.46     0.4179  
12351           1  0.66  0.6212  0.39     0.1940  
1846            1  0.50  0.4848  0.42     0.1045  
11225           1  0.54  0.5152  0.30     0.2537  

[17379 rows x 14 columns]
2024-08-08 18:08:55,851:INFO:get_config() successfully completed......................................
2024-08-08 18:10:24,823:WARNING:C:\Users\HQ198MU\AppData\Local\Temp\ipykernel_44788\715880172.py:28: FutureWarning: The default value of numeric_only in DataFrame.corr is deprecated. In a future version, it will default to False. Select only valid columns or specify the value of numeric_only to silence this warning.
  corr_matrix = df.corr()

